<?xml version="1.0" encoding="UTF-8"?>
<testng-results skipped="0" failed="0" total="1" passed="1">
  <reporter-output>
  </reporter-output>
  <suite name="Default suite" duration-ms="27973" started-at="2020-11-24T21:40:10Z" finished-at="2020-11-24T21:40:38Z">
    <groups>
    </groups>
    <test name="Default test" duration-ms="27973" started-at="2020-11-24T21:40:10Z" finished-at="2020-11-24T21:40:38Z">
      <class name="xpathExamples.XpathAxes">
        <test-method status="PASS" signature="rowValue()[pri:0, instance:xpathExamples.XpathAxes@42d80b78]" name="rowValue" duration-ms="27938" started-at="2020-11-24T16:40:10Z" finished-at="2020-11-24T16:40:38Z">
          <reporter-output>
          </reporter-output>
        </test-method> <!-- rowValue -->
      </class> <!-- xpathExamples.XpathAxes -->
    </test> <!-- Default test -->
  </suite> <!-- Default suite -->
</testng-results>
